TN:
SF:src\app.ts
FNF:0
FNH:0
DA:1,1
DA:2,1
DA:5,1
DA:7,1
DA:9,1
DA:11,1
DA:16,1
LF:7
LH:7
BRF:0
BRH:0
end_of_record
TN:
SF:src\controller\UserController.ts
FN:6,(anonymous_8)
FN:14,(anonymous_9)
FN:14,(anonymous_10)
FN:59,(anonymous_11)
FN:74,(anonymous_12)
FN:74,(anonymous_13)
FN:122,(anonymous_14)
FNF:7
FNH:7
FNDA:4,(anonymous_8)
FNDA:32,(anonymous_9)
FNDA:32,(anonymous_10)
FNDA:68,(anonymous_11)
FNDA:1,(anonymous_12)
FNDA:1,(anonymous_13)
FNDA:3,(anonymous_14)
DA:1,1
DA:3,1
DA:4,1
DA:6,1
DA:7,4
DA:8,1
DA:11,3
DA:14,32
DA:15,32
DA:17,32
DA:18,32
DA:25,4
DA:30,3
DA:44,29
DA:46,29
DA:47,29
DA:49,29
DA:59,68
DA:60,27
DA:67,2
DA:74,1
DA:75,1
DA:77,1
DA:78,1
DA:80,0
DA:81,0
DA:88,0
DA:90,0
DA:108,1
DA:110,1
DA:111,1
DA:113,1
DA:122,3
DA:123,1
DA:130,0
LF:35
LH:30
BRDA:7,0,0,1
BRDA:46,1,0,29
BRDA:59,2,0,27
BRDA:80,3,0,0
BRDA:110,4,0,1
BRDA:122,5,0,1
BRF:6
BRH:5
end_of_record
TN:
SF:src\models\UserModels.ts
FN:74,(anonymous_8)
FN:175,(anonymous_10)
FNF:2
FNH:2
FNDA:32,(anonymous_8)
FNDA:1,(anonymous_10)
DA:1,1
DA:2,1
DA:4,1
DA:5,1
DA:6,1
DA:7,1
DA:9,1
DA:74,1
DA:81,32
DA:82,32
DA:83,20
DA:86,12
DA:87,1
DA:95,11
DA:96,11
DA:97,1
DA:102,10
DA:103,9
DA:104,1
DA:107,8
DA:108,1
DA:111,7
DA:114,7
DA:115,7
DA:116,1
DA:119,6
DA:120,6
DA:122,6
DA:123,6
DA:125,6
DA:126,6
DA:128,2
DA:129,2
DA:144,4
DA:160,4
DA:167,7
DA:170,28
DA:171,28
DA:175,1
DA:176,1
DA:177,0
DA:179,1
DA:180,0
DA:183,1
DA:184,1
DA:186,1
DA:188,1
DA:191,0
DA:192,0
DA:193,0
DA:196,0
DA:199,1
LF:52
LH:46
BRDA:82,0,0,20
BRDA:82,1,0,32
BRDA:82,1,1,28
BRDA:82,1,2,24
BRDA:82,1,3,20
BRDA:82,1,4,16
BRDA:82,2,0,2
BRDA:82,2,1,30
BRDA:82,3,0,32
BRDA:82,3,1,31
BRDA:82,4,0,2
BRDA:82,4,1,26
BRDA:82,5,0,28
BRDA:82,5,1,27
BRDA:82,6,0,2
BRDA:82,6,1,22
BRDA:82,7,0,24
BRDA:82,7,1,23
BRDA:82,8,0,2
BRDA:82,8,1,18
BRDA:82,9,0,20
BRDA:82,9,1,19
BRDA:82,10,0,2
BRDA:82,10,1,14
BRDA:82,11,0,16
BRDA:82,11,1,15
BRDA:86,12,0,1
BRDA:96,13,0,1
BRDA:103,14,0,1
BRDA:107,15,0,1
BRDA:115,16,0,1
BRDA:176,17,0,0
BRDA:176,18,0,1
BRDA:176,18,1,1
BRDA:176,19,0,0
BRDA:176,19,1,1
BRDA:176,20,0,1
BRDA:176,20,1,1
BRDA:176,21,0,0
BRDA:176,21,1,1
BRDA:176,22,0,1
BRDA:176,22,1,1
BRDA:179,23,0,0
BRDA:186,24,0,1
BRDA:192,25,0,0
BRF:45
BRH:40
end_of_record
TN:
SF:src\routes\UserRoute.ts
FNF:0
FNH:0
DA:1,1
DA:2,1
DA:4,1
DA:6,1
DA:8,1
DA:12,1
LF:6
LH:6
BRF:0
BRH:0
end_of_record
