TN:
SF:src\app.ts
FNF:0
FNH:0
DA:1,1
DA:2,1
DA:3,1
DA:5,1
DA:7,1
DA:9,1
DA:11,1
DA:12,1
DA:17,1
LF:9
LH:9
BRF:0
BRH:0
end_of_record
TN:
SF:src\controller\IdentityController.ts
FN:4,(anonymous_8)
FN:7,(anonymous_9)
FN:56,(anonymous_10)
FN:59,(anonymous_11)
FNF:4
FNH:0
FNDA:0,(anonymous_8)
FNDA:0,(anonymous_9)
FNDA:0,(anonymous_10)
FNDA:0,(anonymous_11)
DA:2,1
DA:4,1
DA:7,0
DA:8,0
DA:9,0
DA:11,0
DA:12,0
DA:13,0
DA:19,0
DA:20,0
DA:26,0
DA:32,0
DA:33,0
DA:40,0
DA:48,0
DA:49,0
DA:56,1
DA:59,0
DA:60,0
DA:61,0
DA:63,0
DA:64,0
DA:65,0
DA:71,0
DA:72,0
DA:78,0
DA:84,0
DA:85,0
DA:91,0
DA:99,0
DA:100,0
LF:31
LH:3
BRDA:12,0,0,0
BRDA:19,1,0,0
BRDA:32,2,0,0
BRDA:64,3,0,0
BRDA:71,4,0,0
BRDA:84,5,0,0
BRF:6
BRH:0
end_of_record
TN:
SF:src\controller\UserController.ts
FN:6,(anonymous_8)
FN:14,(anonymous_9)
FN:14,(anonymous_10)
FN:57,(anonymous_11)
FN:72,(anonymous_12)
FN:72,(anonymous_13)
FN:120,(anonymous_14)
FNF:7
FNH:7
FNDA:14,(anonymous_8)
FNDA:39,(anonymous_9)
FNDA:39,(anonymous_10)
FNDA:61,(anonymous_11)
FNDA:14,(anonymous_12)
FNDA:14,(anonymous_13)
FNDA:19,(anonymous_14)
DA:1,1
DA:3,1
DA:4,1
DA:6,1
DA:7,14
DA:8,2
DA:11,12
DA:14,39
DA:15,39
DA:17,39
DA:18,39
DA:25,12
DA:28,11
DA:42,28
DA:44,28
DA:45,28
DA:47,28
DA:57,61
DA:58,26
DA:65,2
DA:72,14
DA:73,14
DA:75,14
DA:76,14
DA:78,3
DA:79,1
DA:86,2
DA:88,1
DA:106,12
DA:108,12
DA:109,12
DA:111,12
DA:120,19
DA:121,11
DA:128,1
LF:35
LH:35
BRDA:7,0,0,2
BRDA:44,1,0,28
BRDA:57,2,0,26
BRDA:78,3,0,1
BRDA:108,4,0,12
BRDA:120,5,0,11
BRF:6
BRH:6
end_of_record
TN:
SF:src\middleware\requiredAuth.ts
FN:7,(anonymous_8)
FN:11,(anonymous_9)
FNF:2
FNH:0
FNDA:0,(anonymous_8)
FNDA:0,(anonymous_9)
DA:1,1
DA:2,1
DA:4,1
DA:7,1
DA:11,0
DA:12,0
DA:14,0
DA:15,0
DA:17,0
DA:19,0
DA:20,0
DA:23,0
DA:24,0
DA:26,0
DA:28,0
DA:29,0
DA:32,0
DA:34,0
DA:36,0
DA:40,0
DA:42,0
DA:43,0
DA:45,0
DA:47,0
DA:48,0
DA:51,0
DA:52,0
DA:55,0
DA:56,0
DA:60,1
LF:30
LH:5
BRDA:14,0,0,0
BRDA:19,1,0,0
BRDA:28,2,0,0
BRDA:36,3,0,0
BRDA:37,4,0,0
BRDA:37,4,1,0
BRDA:42,5,0,0
BRDA:42,6,0,0
BRDA:42,6,1,0
BRDA:42,7,0,0
BRDA:42,7,1,0
BRDA:47,8,0,0
BRF:12
BRH:0
end_of_record
TN:
SF:src\models\UserModels.ts
FN:74,(anonymous_8)
FN:175,(anonymous_10)
FNF:2
FNH:2
FNDA:39,(anonymous_8)
FNDA:14,(anonymous_10)
DA:1,1
DA:2,1
DA:4,1
DA:5,1
DA:6,1
DA:7,1
DA:9,1
DA:74,1
DA:81,39
DA:82,39
DA:83,20
DA:86,19
DA:87,1
DA:95,18
DA:96,18
DA:97,1
DA:102,17
DA:103,16
DA:104,1
DA:107,15
DA:108,1
DA:111,14
DA:114,14
DA:115,14
DA:116,1
DA:119,13
DA:120,13
DA:122,13
DA:123,13
DA:125,13
DA:126,13
DA:128,1
DA:129,1
DA:144,12
DA:160,12
DA:167,6
DA:170,27
DA:171,27
DA:175,1
DA:176,14
DA:177,8
DA:179,6
DA:180,1
DA:183,5
DA:184,5
DA:186,5
DA:188,1
DA:191,4
DA:192,4
DA:193,1
DA:196,3
DA:199,1
LF:52
LH:52
BRDA:82,0,0,20
BRDA:82,1,0,39
BRDA:82,1,1,35
BRDA:82,1,2,31
BRDA:82,1,3,27
BRDA:82,1,4,23
BRDA:82,2,0,2
BRDA:82,2,1,37
BRDA:82,3,0,39
BRDA:82,3,1,38
BRDA:82,4,0,2
BRDA:82,4,1,33
BRDA:82,5,0,35
BRDA:82,5,1,34
BRDA:82,6,0,2
BRDA:82,6,1,29
BRDA:82,7,0,31
BRDA:82,7,1,30
BRDA:82,8,0,2
BRDA:82,8,1,25
BRDA:82,9,0,27
BRDA:82,9,1,26
BRDA:82,10,0,2
BRDA:82,10,1,21
BRDA:82,11,0,23
BRDA:82,11,1,22
BRDA:86,12,0,1
BRDA:96,13,0,1
BRDA:103,14,0,1
BRDA:107,15,0,1
BRDA:115,16,0,1
BRDA:176,17,0,8
BRDA:176,18,0,14
BRDA:176,18,1,10
BRDA:176,19,0,2
BRDA:176,19,1,12
BRDA:176,20,0,14
BRDA:176,20,1,13
BRDA:176,21,0,2
BRDA:176,21,1,8
BRDA:176,22,0,10
BRDA:176,22,1,9
BRDA:179,23,0,1
BRDA:186,24,0,1
BRDA:192,25,0,1
BRF:45
BRH:45
end_of_record
TN:
SF:src\routes\IdentityRoute.ts
FNF:0
FNH:0
DA:1,1
DA:2,1
DA:3,1
DA:6,1
DA:8,1
DA:9,1
DA:11,1
LF:7
LH:7
BRF:0
BRH:0
end_of_record
TN:
SF:src\routes\UserRoute.ts
FNF:0
FNH:0
DA:1,1
DA:2,1
DA:4,1
DA:6,1
DA:8,1
DA:12,1
LF:6
LH:6
BRF:0
BRH:0
end_of_record
