TN:
SF:src\app.ts
FNF:0
FNH:0
DA:1,1
DA:2,1
DA:5,1
DA:7,1
DA:9,1
DA:11,1
DA:16,1
LF:7
LH:7
BRF:0
BRH:0
end_of_record
TN:
SF:src\controller\UserController.ts
FN:6,(anonymous_8)
FN:14,(anonymous_9)
FN:14,(anonymous_10)
FN:59,(anonymous_11)
FN:75,(anonymous_12)
FN:75,(anonymous_13)
FN:124,(anonymous_14)
FNF:7
FNH:7
FNDA:14,(anonymous_8)
FNDA:39,(anonymous_9)
FNDA:39,(anonymous_10)
FNDA:61,(anonymous_11)
FNDA:8,(anonymous_12)
FNDA:8,(anonymous_13)
FNDA:15,(anonymous_14)
DA:1,1
DA:3,1
DA:4,1
DA:6,1
DA:7,14
DA:8,2
DA:11,12
DA:14,39
DA:15,39
DA:17,39
DA:18,39
DA:25,12
DA:26,11
DA:27,11
DA:28,11
DA:30,11
DA:44,28
DA:46,28
DA:47,28
DA:49,28
DA:59,61
DA:60,26
DA:67,2
DA:75,8
DA:76,8
DA:78,8
DA:79,8
DA:81,3
DA:82,1
DA:88,2
DA:89,1
DA:90,1
DA:92,1
DA:110,6
DA:112,6
DA:113,6
DA:115,6
DA:124,15
DA:125,4
DA:132,2
LF:40
LH:40
BRDA:7,0,0,2
BRDA:46,1,0,28
BRDA:59,2,0,26
BRDA:81,3,0,1
BRDA:112,4,0,6
BRDA:124,5,0,4
BRF:6
BRH:6
end_of_record
TN:
SF:src\models\UserModels.ts
FN:74,(anonymous_8)
FN:175,(anonymous_10)
FNF:2
FNH:2
FNDA:39,(anonymous_8)
FNDA:8,(anonymous_10)
DA:1,1
DA:2,1
DA:4,1
DA:5,1
DA:6,1
DA:7,1
DA:9,1
DA:74,1
DA:81,39
DA:82,39
DA:83,20
DA:86,19
DA:87,1
DA:95,18
DA:96,18
DA:97,1
DA:102,17
DA:103,16
DA:104,1
DA:107,15
DA:108,1
DA:111,14
DA:114,14
DA:115,14
DA:116,1
DA:119,13
DA:120,13
DA:122,13
DA:123,13
DA:125,13
DA:126,13
DA:128,1
DA:129,1
DA:144,12
DA:160,12
DA:167,6
DA:170,27
DA:171,27
DA:175,1
DA:176,8
DA:177,1
DA:179,7
DA:180,1
DA:183,6
DA:184,6
DA:186,5
DA:188,1
DA:191,4
DA:192,4
DA:193,1
DA:196,3
DA:199,1
LF:52
LH:52
BRDA:82,0,0,20
BRDA:82,1,0,39
BRDA:82,1,1,35
BRDA:82,1,2,31
BRDA:82,1,3,27
BRDA:82,1,4,23
BRDA:82,2,0,2
BRDA:82,2,1,37
BRDA:82,3,0,39
BRDA:82,3,1,38
BRDA:82,4,0,2
BRDA:82,4,1,33
BRDA:82,5,0,35
BRDA:82,5,1,34
BRDA:82,6,0,2
BRDA:82,6,1,29
BRDA:82,7,0,31
BRDA:82,7,1,30
BRDA:82,8,0,2
BRDA:82,8,1,25
BRDA:82,9,0,27
BRDA:82,9,1,26
BRDA:82,10,0,2
BRDA:82,10,1,21
BRDA:82,11,0,23
BRDA:82,11,1,22
BRDA:86,12,0,1
BRDA:96,13,0,1
BRDA:103,14,0,1
BRDA:107,15,0,1
BRDA:115,16,0,1
BRDA:176,17,0,1
BRDA:176,18,0,8
BRDA:176,18,1,7
BRDA:176,19,0,0
BRDA:176,19,1,8
BRDA:176,20,0,8
BRDA:176,20,1,8
BRDA:176,21,0,0
BRDA:176,21,1,7
BRDA:176,22,0,7
BRDA:176,22,1,7
BRDA:179,23,0,1
BRDA:186,24,0,1
BRDA:192,25,0,1
BRF:45
BRH:43
end_of_record
TN:
SF:src\routes\UserRoute.ts
FNF:0
FNH:0
DA:1,1
DA:2,1
DA:4,1
DA:6,1
DA:8,1
DA:12,1
LF:6
LH:6
BRF:0
BRH:0
end_of_record
